Base path: C:/Program Files (x86)/Unity/Editor/Data
Pipe name: \\.\pipe\UnityShaderCompiler-3-564
Cmd: getPlatforms
Cmd: compileSnippet
  api=8 type=1 insize=6564 outsize=2438 kw= ok=1
Cmd: compileSnippet
  api=8 type=0 insize=6563 outsize=1438 kw= ok=1
Cmd: compileSnippet
  api=8 type=1 insize=6563 outsize=3015 kw= ok=1
Cmd: compileSnippet
  api=0 type=0 insize=6572 outsize=328 kw= ok=1
Cmd: compileSnippet
  api=8 type=1 insize=6572 outsize=1674 kw= ok=1
Cmd: compileSnippet
  api=8 type=0 insize=6577 outsize=1438 kw= ok=1
Cmd: compileSnippet
  api=8 type=1 insize=6577 outsize=2121 kw= ok=1
Cmd: compileSnippet
  api=8 type=0 insize=6570 outsize=1438 kw= ok=1
Cmd: compileSnippet
  api=8 type=1 insize=6570 outsize=1325 kw= ok=1
Cmd: compileSnippet
  api=8 type=0 insize=6568 outsize=1438 kw= ok=1
Cmd: compileSnippet
  api=8 type=0 insize=6575 outsize=1438 kw= ok=1
Cmd: compileSnippet
  api=4 type=1 insize=10605 outsize=1672 kw= ok=1
Cmd: compileSnippet
  api=4 type=0 insize=10627 outsize=990 kw= ok=1
Cmd: compileSnippet
  api=4 type=0 insize=9009 outsize=1339 kw= ok=1
Cmd: compileSnippet
  api=1 type=0 insize=3355 outsize=449 kw=WATER_REFLECTIVE ok=1
Cmd: compileSnippet
  api=1 type=0 insize=3355 outsize=341 kw=WATER_SIMPLE ok=1
Cmd: compileSnippet
  api=4 type=0 insize=3355 outsize=1729 kw=WATER_SIMPLE ok=1
Cmd: compileSnippet
  api=1 type=1 insize=3355 outsize=756 kw=WATER_REFLECTIVE ok=1
Cmd: compileSnippet
  api=1 type=1 insize=3355 outsize=679 kw=WATER_SIMPLE ok=1
Cmd: compileSnippet
  api=4 type=1 insize=3355 outsize=2225 kw=WATER_SIMPLE ok=1
Cmd: compileSnippet
  api=8 type=0 insize=1138 outsize=1438 kw= ok=1
Cmd: compileSnippet
  api=8 type=1 insize=1138 outsize=2462 kw= ok=1
Cmd: compileSnippet
  api=4 type=0 insize=1171 outsize=1737 kw= ok=1
Cmd: compileSnippet
  api=8 type=0 insize=1987 outsize=2023 kw= ok=1
Cmd: compileSnippet
  api=8 type=1 insize=1987 outsize=1739 kw= ok=1
Cmd: compileSnippet
  api=0 type=0 insize=9500 outsize=5573 kw=WATER_SIMPLE WATER_VERTEX_DISPLACEMENT_ON WATER_EDGEBLEND_ON ok=1
Cmd: compileSnippet
  api=4 type=0 insize=9500 outsize=5020 kw=WATER_REFLECTIVE WATER_VERTEX_DISPLACEMENT_ON WATER_EDGEBLEND_OFF ok=1
Cmd: compileSnippet
  api=0 type=0 insize=9500 outsize=3501 kw=WATER_REFLECTIVE WATER_EDGEBLEND_ON WATER_VERTEX_DISPLACEMENT_OFF ok=1
Cmd: compileSnippet
  api=0 type=0 insize=9500 outsize=3335 kw=WATER_SIMPLE WATER_EDGEBLEND_ON WATER_VERTEX_DISPLACEMENT_OFF ok=1
Cmd: compileSnippet
  api=1 type=0 insize=9500 outsize=594 kw=WATER_REFLECTIVE WATER_EDGEBLEND_OFF WATER_VERTEX_DISPLACEMENT_OFF ok=1
Cmd: compileSnippet
  api=4 type=0 insize=9500 outsize=2680 kw=WATER_SIMPLE WATER_EDGEBLEND_OFF WATER_VERTEX_DISPLACEMENT_OFF ok=1
Cmd: compileSnippet
  api=4 type=1 insize=9500 outsize=4613 kw=WATER_SIMPLE WATER_VERTEX_DISPLACEMENT_ON WATER_EDGEBLEND_ON ok=1
Cmd: compileSnippet
  api=0 type=1 insize=9500 outsize=6 kw=WATER_SIMPLE WATER_VERTEX_DISPLACEMENT_ON WATER_EDGEBLEND_OFF ok=1
Cmd: compileSnippet
  api=4 type=1 insize=9500 outsize=3606 kw=WATER_SIMPLE WATER_VERTEX_DISPLACEMENT_ON WATER_EDGEBLEND_OFF ok=1
Cmd: compileSnippet
  api=1 type=1 insize=9500 outsize=1323 kw=WATER_SIMPLE WATER_EDGEBLEND_ON WATER_VERTEX_DISPLACEMENT_OFF ok=1
Cmd: compileSnippet
  api=0 type=1 insize=9500 outsize=6 kw=WATER_REFLECTIVE WATER_EDGEBLEND_OFF WATER_VERTEX_DISPLACEMENT_OFF ok=1
Cmd: compileSnippet
  api=4 type=1 insize=9500 outsize=4020 kw=WATER_REFLECTIVE WATER_EDGEBLEND_OFF WATER_VERTEX_DISPLACEMENT_OFF ok=1
Cmd: compileSnippet
  api=4 type=0 insize=9504 outsize=4727 kw=WATER_SIMPLE WATER_VERTEX_DISPLACEMENT_ON WATER_EDGEBLEND_ON ok=1
Cmd: compileSnippet
  api=1 type=0 insize=9504 outsize=2427 kw=WATER_REFLECTIVE WATER_VERTEX_DISPLACEMENT_ON WATER_EDGEBLEND_OFF ok=1
Cmd: compileSnippet
  api=0 type=0 insize=9504 outsize=2852 kw=WATER_REFLECTIVE WATER_EDGEBLEND_ON WATER_VERTEX_DISPLACEMENT_OFF ok=1
Cmd: compileSnippet
  api=1 type=0 insize=9504 outsize=469 kw=WATER_SIMPLE WATER_EDGEBLEND_ON WATER_VERTEX_DISPLACEMENT_OFF ok=1
Cmd: compileSnippet
  api=1 type=0 insize=9504 outsize=469 kw=WATER_REFLECTIVE WATER_EDGEBLEND_OFF WATER_VERTEX_DISPLACEMENT_OFF ok=1
Cmd: compileSnippet
  api=1 type=0 insize=9504 outsize=469 kw=WATER_SIMPLE WATER_EDGEBLEND_OFF WATER_VERTEX_DISPLACEMENT_OFF ok=1
Cmd: compileSnippet
  api=4 type=1 insize=9504 outsize=3484 kw=WATER_SIMPLE WATER_VERTEX_DISPLACEMENT_ON WATER_EDGEBLEND_ON ok=1
Cmd: compileSnippet
  api=0 type=1 insize=9504 outsize=6 kw=WATER_REFLECTIVE WATER_EDGEBLEND_ON WATER_VERTEX_DISPLACEMENT_OFF ok=1
Cmd: compileSnippet
  api=4 type=1 insize=9504 outsize=4215 kw=WATER_REFLECTIVE WATER_EDGEBLEND_ON WATER_VERTEX_DISPLACEMENT_OFF ok=1
Cmd: compileSnippet
  api=0 type=1 insize=9504 outsize=6 kw=WATER_REFLECTIVE WATER_EDGEBLEND_OFF WATER_VERTEX_DISPLACEMENT_OFF ok=1
Cmd: compileSnippet
  api=1 type=1 insize=9504 outsize=839 kw=WATER_SIMPLE WATER_EDGEBLEND_OFF WATER_VERTEX_DISPLACEMENT_OFF ok=1
Cmd: compileSnippet
  api=4 type=1 insize=8634 outsize=1729 kw= ok=1
Cmd: compileSnippet
  api=4 type=1 insize=4192 outsize=4297 kw= ok=1
Cmd: compileSnippet
  api=8 type=1 insize=3836 outsize=1739 kw= ok=1
Cmd: compileSnippet
  api=8 type=0 insize=3844 outsize=1772 kw= ok=1
Cmd: compileSnippet
  api=4 type=0 insize=3844 outsize=1298 kw= ok=1
Cmd: compileSnippet
  api=4 type=1 insize=3844 outsize=1623 kw= ok=1
Cmd: compileSnippet
  api=4 type=0 insize=3834 outsize=1298 kw= ok=1
Cmd: compileSnippet
  api=4 type=1 insize=3834 outsize=973 kw= ok=1
Cmd: compileSnippet
  api=8 type=0 insize=3333 outsize=1438 kw= ok=1
Cmd: compileSnippet
  api=4 type=1 insize=3333 outsize=1258 kw= ok=1
Cmd: compileSnippet
  api=8 type=1 insize=3350 outsize=3210 kw= ok=1
Cmd: compileSnippet
  api=8 type=0 insize=3345 outsize=2909 kw= ok=1
Cmd: compileSnippet
  api=8 type=0 insize=721 outsize=1438 kw= ok=1
Unhandled exception: Readfile from pipe failed. GLE=O pipe foi finalizado.


Quitting shader compiler process
